
Gurobi 11.0.0 (mac64[rosetta2]) logging started Mon Jan  8 08:24:28 2024

Set parameter LogFile to value "batched_week_v2.log"
Gurobi Optimizer version 11.0.0 build v11.0.0rc2 (mac64[rosetta2] - Darwin 23.1.0 23B92)
Gurobi Optimizer version 11.0.0 build v11.0.0rc2 (mac64[rosetta2] - Darwin 23.1.0 23B92)


CPU model: Apple M1
CPU model: Apple M1
Thread count: 8 physical cores, 8 logical processors, using up to 8 threads
Thread count: 8 physical cores, 8 logical processors, using up to 8 threads


Optimize a model with 6573432 rows, 3260208 columns and 20661508 nonzeros
Optimize a model with 6573432 rows, 3260208 columns and 20661508 nonzeros
Model fingerprint: 0x7260d72b
Model fingerprint: 0x7260d72b
Model has 153524 quadratic objective terms
Model has 153524 quadratic objective terms
Model has 1728 quadratic constraints
Model has 1728 quadratic constraints
Variable types: 0 continuous, 3260208 integer (3260208 binary)
Variable types: 0 continuous, 3260208 integer (3260208 binary)
Coefficient statistics:
Coefficient statistics:
  Matrix range     [1e-06, 2e+03]
  Matrix range     [1e-06, 2e+03]
  QMatrix range    [1e-06, 8e-01]
  QMatrix range    [1e-06, 8e-01]
  Objective range  [4e-07, 6e+01]
  Objective range  [4e-07, 6e+01]
  QObjective range [3e-07, 5e+01]
  QObjective range [3e-07, 5e+01]
  Bounds range     [1e+00, 1e+00]
  Bounds range     [1e+00, 1e+00]
  RHS range        [1e+00, 1e+00]
  RHS range        [1e+00, 1e+00]
  QRHS range       [1e+00, 1e+02]
  QRHS range       [1e+00, 1e+02]
Found heuristic solution: objective -0.0000000
Found heuristic solution: objective -0.0000000
Presolve removed 6490456 rows and 1717755 columns (presolve time = 8s) ...
Presolve removed 6490456 rows and 1717755 columns (presolve time = 8s) ...
Presolve removed 6490456 rows and 1717755 columns
Presolve removed 6490456 rows and 1717755 columns
Presolve time: 7.97s
Presolve time: 7.97s
Presolved: 100040 rows, 1550985 columns, 437083 nonzeros
Presolved: 100040 rows, 1550985 columns, 437083 nonzeros
Variable types: 0 continuous, 1550985 integer (1550985 binary)
Variable types: 0 continuous, 1550985 integer (1550985 binary)
Found heuristic solution: objective 3026.1079931
Found heuristic solution: objective 3026.1079931
Current best objective: 3026.107993097509, Best bound: 7412.160641306217
Current best objective: 3026.107993097509, Best bound: 7412.160641306217


Root simplex log...
Root simplex log...


Iteration    Objective       Primal Inf.    Dual Inf.      Time
Iteration    Objective       Primal Inf.    Dual Inf.      Time
       0    3.0831721e+03   8.488450e-01   0.000000e+00     16s
       0    3.0831721e+03   8.488450e-01   0.000000e+00     16s
      51    3.0814744e+03   0.000000e+00   0.000000e+00     16s
      51    3.0814744e+03   0.000000e+00   0.000000e+00     16s


Root relaxation: objective 3.081474e+03, 51 iterations, 0.01 seconds (0.00 work units)
Root relaxation: objective 3.081474e+03, 51 iterations, 0.01 seconds (0.00 work units)
Current best objective: 3026.107993097509, Best bound: 3081.4744330975086


    Nodes    |    Current Node    |     Objective Bounds      |     Work
    Nodes    |    Current Node    |     Objective Bounds      |     Work
 Expl Unexpl |  Obj  Depth IntInf | Incumbent    BestBd   Gap | It/Node Time
 Expl Unexpl |  Obj  Depth IntInf | Incumbent    BestBd   Gap | It/Node Time


     0     0 3081.47443    0    2 3026.10799 3081.47443  1.83%     -   15s
     0     0 3081.47443    0    2 3026.10799 3081.47443  1.83%     -   15s
H    0     0                    3081.4744271 3081.47443  0.00%     -   16s
H    0     0                    3081.4744271 3081.47443  0.00%     -   16s


Explored 1 nodes (51 simplex iterations) in 17.14 seconds (11.93 work units)
Explored 1 nodes (51 simplex iterations) in 17.14 seconds (11.93 work units)
Thread count was 8 (of 8 available processors)
Thread count was 8 (of 8 available processors)


Solution count 3: 3081.47 3026.11 -0 
Solution count 3: 3081.47 3026.11 -0 


Optimal solution found (tolerance 1.00e-04)
Optimal solution found (tolerance 1.00e-04)
Warning: max constraint violation (1.0000e-06) exceeds tolerance
Warning: max constraint violation (1.0000e-06) exceeds tolerance
Best objective 3.081474427098e+03, best bound 3.081474433098e+03, gap 0.0000%
Best objective 3.081474427098e+03, best bound 3.081474433098e+03, gap 0.0000%


User-callback calls 1873, time in user-callback 0.15 sec
User-callback calls 1873, time in user-callback 0.15 sec

Gurobi 11.0.0 (mac64[rosetta2]) logging started Mon Jan  8 08:46:03 2024

Set parameter LogFile to value "batched_week_v2.log"
Gurobi Optimizer version 11.0.0 build v11.0.0rc2 (mac64[rosetta2] - Darwin 23.1.0 23B92)
Gurobi Optimizer version 11.0.0 build v11.0.0rc2 (mac64[rosetta2] - Darwin 23.1.0 23B92)


CPU model: Apple M1
CPU model: Apple M1
Thread count: 8 physical cores, 8 logical processors, using up to 8 threads
Thread count: 8 physical cores, 8 logical processors, using up to 8 threads


Optimize a model with 6573432 rows, 3260208 columns and 20564668 nonzeros
Optimize a model with 6573432 rows, 3260208 columns and 20564668 nonzeros
Model fingerprint: 0x6a246d16
Model fingerprint: 0x6a246d16
Model has 153524 quadratic objective terms
Model has 153524 quadratic objective terms
Model has 1728 quadratic constraints
Model has 1728 quadratic constraints
Variable types: 0 continuous, 3260208 integer (3260208 binary)
Variable types: 0 continuous, 3260208 integer (3260208 binary)
Coefficient statistics:
Coefficient statistics:
  Matrix range     [1e-06, 2e+03]
  Matrix range     [1e-06, 2e+03]
  QMatrix range    [1e-06, 8e-01]
  QMatrix range    [1e-06, 8e-01]
  Objective range  [4e-07, 6e+01]
  Objective range  [4e-07, 6e+01]
  QObjective range [3e-07, 5e+01]
  QObjective range [3e-07, 5e+01]
  Bounds range     [1e+00, 1e+00]
  Bounds range     [1e+00, 1e+00]
  RHS range        [1e+00, 1e+00]
  RHS range        [1e+00, 1e+00]
  QRHS range       [1e+00, 1e+02]
  QRHS range       [1e+00, 1e+02]
Found heuristic solution: objective -0.0000000
Found heuristic solution: objective -0.0000000
Presolve removed 0 rows and 0 columns (presolve time = 14s) ...
Presolve removed 0 rows and 0 columns (presolve time = 14s) ...
Presolve removed 0 rows and 0 columns (presolve time = 15s) ...
Presolve removed 0 rows and 0 columns (presolve time = 15s) ...
Presolve removed 6473744 rows and 1743421 columns (presolve time = 46s) ...
Presolve removed 6473744 rows and 1743421 columns (presolve time = 46s) ...
Presolve removed 6473744 rows and 1743421 columns
Presolve removed 6473744 rows and 1743421 columns
Presolve time: 45.72s
Presolve time: 45.72s
Presolved: 114636 rows, 1524261 columns, 467384 nonzeros
Presolved: 114636 rows, 1524261 columns, 467384 nonzeros
Variable types: 0 continuous, 1524261 integer (1524261 binary)
Variable types: 0 continuous, 1524261 integer (1524261 binary)
Found heuristic solution: objective 2844.0015880
Found heuristic solution: objective 2844.0015880
Current best objective: 2844.0015879742614, Best bound: 6859.048297795263
Current best objective: 2844.0015879742614, Best bound: 6859.048297795263


Root simplex log...
Root simplex log...


Iteration    Objective       Primal Inf.    Dual Inf.      Time
Iteration    Objective       Primal Inf.    Dual Inf.      Time
       0    2.9792576e+03   1.364258e+03   0.000000e+00     56s
       0    2.9792576e+03   1.364258e+03   0.000000e+00     56s
     540    2.9773019e+03   0.000000e+00   0.000000e+00     56s
     540    2.9773019e+03   0.000000e+00   0.000000e+00     56s


Root relaxation: objective 2.977302e+03, 540 iterations, 0.02 seconds (0.01 work units)
Root relaxation: objective 2.977302e+03, 540 iterations, 0.02 seconds (0.01 work units)
Total elapsed time = 55.98s (DegenMoves)
Total elapsed time = 55.98s (DegenMoves)
Current best objective: 2844.0015879742614, Best bound: 2977.301899924881


    Nodes    |    Current Node    |     Objective Bounds      |     Work
    Nodes    |    Current Node    |     Objective Bounds      |     Work
 Expl Unexpl |  Obj  Depth IntInf | Incumbent    BestBd   Gap | It/Node Time
 Expl Unexpl |  Obj  Depth IntInf | Incumbent    BestBd   Gap | It/Node Time


     0     0 2977.30190    0   11 2844.00159 2977.30190  4.69%     -   56s
     0     0 2977.30190    0   11 2844.00159 2977.30190  4.69%     -   56s
H    0     0                    2975.6534606 2977.30190  0.06%     -   57s
H    0     0                    2975.6534606 2977.30190  0.06%     -   57s
H    0     0                    2975.6557652 2977.30190  0.06%     -   57s
H    0     0                    2975.6557652 2977.30190  0.06%     -   57s
H    0     0                    2976.7352892 2977.30190  0.02%     -   58s
H    0     0                    2976.7352892 2977.30190  0.02%     -   58s
H    0     0                    2976.7772838 2977.30190  0.02%     -   59s
H    0     0                    2976.7772838 2977.30190  0.02%     -   59s
Current best objective: 2976.7772837600514, Best bound: 2977.301899924881
Current best objective: 2976.7772837600514, Best bound: 2977.297138579467
     0     0 2977.29714    0   58 2976.77728 2977.29714  0.02%     -   59s
     0     0 2977.29714    0   58 2976.77728 2977.29714  0.02%     -   59s
Current best objective: 2976.7772837600514, Best bound: 2977.297138579467
Current best objective: 2976.7772837600514, Best bound: 2977.297138579467
H    0     0                    2976.8084140 2977.29714  0.02%     -   60s
H    0     0                    2976.8084140 2977.29714  0.02%     -   60s
Current best objective: 2976.808414024056, Best bound: 2977.297138579467
Current best objective: 2976.808414024056, Best bound: 2977.297138579467
     0     0 2977.29664    0    4 2976.80841 2977.29664  0.02%     -   62s
     0     0 2977.29664    0    4 2976.80841 2977.29664  0.02%     -   62s
Current best objective: 2976.808414024056, Best bound: 2977.296642103461
H    0     0                    2977.2786042 2977.29664  0.00%     -   63s
H    0     0                    2977.2786042 2977.29664  0.00%     -   63s


Explored 1 nodes (1372 simplex iterations) in 64.63 seconds (15.76 work units)
Explored 1 nodes (1372 simplex iterations) in 64.63 seconds (15.76 work units)
Thread count was 8 (of 8 available processors)
Thread count was 8 (of 8 available processors)


Solution count 10: 2977.28 2976.81 2976.79 ... -0
Solution count 10: 2977.28 2976.81 2976.79 ... -0


Optimal solution found (tolerance 1.00e-04)
Optimal solution found (tolerance 1.00e-04)
Warning: max constraint violation (1.0000e-06) exceeds tolerance
Warning: max constraint violation (1.0000e-06) exceeds tolerance
Best objective 2.977278604204e+03, best bound 2.977296642103e+03, gap 0.0006%
Best objective 2.977278604204e+03, best bound 2.977296642103e+03, gap 0.0006%


User-callback calls 1814, time in user-callback 0.26 sec
User-callback calls 1814, time in user-callback 0.26 sec
