
Gurobi 11.0.0 (mac64[rosetta2]) logging started Sun Jan  7 14:00:10 2024

Set parameter LogFile to value "two_days_batch.log"

Gurobi 11.0.0 (mac64[rosetta2]) logging started Sun Jan  7 14:00:35 2024

Set parameter LogFile to value "two_days_batch.log"
Gurobi Optimizer version 11.0.0 build v11.0.0rc2 (mac64[rosetta2] - Darwin 23.1.0 23B92)
Gurobi Optimizer version 11.0.0 build v11.0.0rc2 (mac64[rosetta2] - Darwin 23.1.0 23B92)


CPU model: Apple M1
CPU model: Apple M1
Thread count: 8 physical cores, 8 logical processors, using up to 8 threads
Thread count: 8 physical cores, 8 logical processors, using up to 8 threads


Optimize a model with 6573432 rows, 3260208 columns and 20328977 nonzeros
Optimize a model with 6573432 rows, 3260208 columns and 20328977 nonzeros
Model fingerprint: 0xa8ba9e6c
Model fingerprint: 0xa8ba9e6c
Model has 146161 quadratic objective terms
Model has 146161 quadratic objective terms
Model has 1728 quadratic constraints
Model has 1728 quadratic constraints
Variable types: 0 continuous, 3260208 integer (3260208 binary)
Variable types: 0 continuous, 3260208 integer (3260208 binary)
Coefficient statistics:
Coefficient statistics:
  Matrix range     [1e-06, 2e+03]
  Matrix range     [1e-06, 2e+03]
  QMatrix range    [1e-06, 9e-01]
  QMatrix range    [1e-06, 9e-01]
  Objective range  [5e-07, 8e+01]
  Objective range  [5e-07, 8e+01]
  QObjective range [9e-08, 9e+01]
  QObjective range [9e-08, 9e+01]
  Bounds range     [1e+00, 1e+00]
  Bounds range     [1e+00, 1e+00]
  RHS range        [1e+00, 1e+00]
  RHS range        [1e+00, 1e+00]
  QRHS range       [1e+00, 8e+01]
  QRHS range       [1e+00, 8e+01]
Found heuristic solution: objective -0.0000000
Found heuristic solution: objective -0.0000000
Presolve removed 3281490 rows and 1498134 columns (presolve time = 5s) ...
Presolve removed 3281490 rows and 1498134 columns (presolve time = 5s) ...
Presolve removed 6517724 rows and 1834791 columns (presolve time = 10s) ...
Presolve removed 6517724 rows and 1834791 columns (presolve time = 10s) ...
Presolve removed 6517724 rows and 1834791 columns
Presolve removed 6517724 rows and 1834791 columns
Presolve time: 10.31s
Presolve time: 10.31s
Presolved: 64889 rows, 1430337 columns, 294743 nonzeros
Presolved: 64889 rows, 1430337 columns, 294743 nonzeros
Variable types: 0 continuous, 1430337 integer (1430337 binary)
Variable types: 0 continuous, 1430337 integer (1430337 binary)
Found heuristic solution: objective 5398.4490056
Found heuristic solution: objective 5398.4490056
Current best objective: 5398.4490056049, Best bound: 10433.608087076791
Current best objective: 5398.4490056049, Best bound: 10433.608087076791


Root simplex log...
Root simplex log...


Iteration    Objective       Primal Inf.    Dual Inf.      Time
Iteration    Objective       Primal Inf.    Dual Inf.      Time
       0    5.5928561e+03   6.144938e+02   0.000000e+00     19s
       0    5.5928561e+03   6.144938e+02   0.000000e+00     19s
     388    5.5772086e+03   0.000000e+00   0.000000e+00     19s
     388    5.5772086e+03   0.000000e+00   0.000000e+00     19s


Root relaxation: objective 5.577209e+03, 388 iterations, 0.02 seconds (0.02 work units)
Root relaxation: objective 5.577209e+03, 388 iterations, 0.02 seconds (0.02 work units)
Current best objective: 5398.4490056049, Best bound: 5577.208572059349


    Nodes    |    Current Node    |     Objective Bounds      |     Work
    Nodes    |    Current Node    |     Objective Bounds      |     Work
 Expl Unexpl |  Obj  Depth IntInf | Incumbent    BestBd   Gap | It/Node Time
 Expl Unexpl |  Obj  Depth IntInf | Incumbent    BestBd   Gap | It/Node Time


     0     0 5577.20857    0    3 5398.44901 5577.20857  3.31%     -   19s
     0     0 5577.20857    0    3 5398.44901 5577.20857  3.31%     -   19s
H    0     0                    5577.2085613 5577.20857  0.00%     -   21s
H    0     0                    5577.2085613 5577.20857  0.00%     -   21s


Explored 1 nodes (388 simplex iterations) in 23.09 seconds (9.28 work units)
Explored 1 nodes (388 simplex iterations) in 23.09 seconds (9.28 work units)
Thread count was 8 (of 8 available processors)
Thread count was 8 (of 8 available processors)


Solution count 3: 5577.21 5398.45 -0 
Solution count 3: 5577.21 5398.45 -0 


Optimal solution found (tolerance 1.00e-04)
Optimal solution found (tolerance 1.00e-04)
Warning: max constraint violation (1.0000e-06) exceeds tolerance
Warning: max constraint violation (1.0000e-06) exceeds tolerance
Best objective 5.577208572059e+03, best bound 5.577208572059e+03, gap 0.0000%
Best objective 5.577208572059e+03, best bound 5.577208572059e+03, gap 0.0000%


User-callback calls 2746, time in user-callback 0.29 sec
User-callback calls 2746, time in user-callback 0.29 sec

Gurobi 11.0.0 (mac64[rosetta2]) logging started Sun Jan  7 14:06:50 2024

Set parameter LogFile to value "two_days_batch.log"
Gurobi Optimizer version 11.0.0 build v11.0.0rc2 (mac64[rosetta2] - Darwin 23.1.0 23B92)
Gurobi Optimizer version 11.0.0 build v11.0.0rc2 (mac64[rosetta2] - Darwin 23.1.0 23B92)


CPU model: Apple M1
CPU model: Apple M1
Thread count: 8 physical cores, 8 logical processors, using up to 8 threads
Thread count: 8 physical cores, 8 logical processors, using up to 8 threads


Optimize a model with 6573432 rows, 3260208 columns and 20327285 nonzeros
Optimize a model with 6573432 rows, 3260208 columns and 20327285 nonzeros
Model fingerprint: 0xa4cef2a4
Model fingerprint: 0xa4cef2a4
Model has 146161 quadratic objective terms
Model has 146161 quadratic objective terms
Model has 1728 quadratic constraints
Model has 1728 quadratic constraints
Variable types: 0 continuous, 3260208 integer (3260208 binary)
Variable types: 0 continuous, 3260208 integer (3260208 binary)
Coefficient statistics:
Coefficient statistics:
  Matrix range     [1e-06, 2e+03]
  Matrix range     [1e-06, 2e+03]
  QMatrix range    [1e-06, 8e-01]
  QMatrix range    [1e-06, 8e-01]
  Objective range  [5e-07, 8e+01]
  Objective range  [5e-07, 8e+01]
  QObjective range [9e-08, 9e+01]
  QObjective range [9e-08, 9e+01]
  Bounds range     [1e+00, 1e+00]
  Bounds range     [1e+00, 1e+00]
  RHS range        [1e+00, 1e+00]
  RHS range        [1e+00, 1e+00]
  QRHS range       [1e+00, 8e+01]
  QRHS range       [1e+00, 8e+01]
Found heuristic solution: objective -0.0000000
Found heuristic solution: objective -0.0000000
Presolve removed 2775201 rows and 1231175 columns (presolve time = 6s) ...
Presolve removed 2775201 rows and 1231175 columns (presolve time = 6s) ...
Presolve removed 6498854 rows and 1828478 columns (presolve time = 11s) ...
Presolve removed 6498854 rows and 1828478 columns (presolve time = 11s) ...
Presolve removed 6498854 rows and 1828478 columns
Presolve removed 6498854 rows and 1828478 columns
Presolve time: 10.67s
Presolve time: 10.67s
Presolved: 84230 rows, 1436625 columns, 351970 nonzeros
Presolved: 84230 rows, 1436625 columns, 351970 nonzeros
Variable types: 0 continuous, 1436625 integer (1436625 binary)
Variable types: 0 continuous, 1436625 integer (1436625 binary)
Found heuristic solution: objective 5539.3732404
Found heuristic solution: objective 5539.3732404
Current best objective: 5539.373240428643, Best bound: 10322.789448123747
Current best objective: 5539.373240428643, Best bound: 10322.789448123747


Root simplex log...
Root simplex log...


Iteration    Objective       Primal Inf.    Dual Inf.      Time
Iteration    Objective       Primal Inf.    Dual Inf.      Time
       0    5.7246820e+03   5.749482e+02   0.000000e+00     24s
       0    5.7246820e+03   5.749482e+02   0.000000e+00     24s
     266    5.7242660e+03   0.000000e+00   0.000000e+00     24s
     266    5.7242660e+03   0.000000e+00   0.000000e+00     24s


Root relaxation: objective 5.724266e+03, 266 iterations, 0.01 seconds (0.00 work units)
Root relaxation: objective 5.724266e+03, 266 iterations, 0.01 seconds (0.00 work units)
Current best objective: 5539.373240428643, Best bound: 5724.266009276412


    Nodes    |    Current Node    |     Objective Bounds      |     Work
    Nodes    |    Current Node    |     Objective Bounds      |     Work
 Expl Unexpl |  Obj  Depth IntInf | Incumbent    BestBd   Gap | It/Node Time
 Expl Unexpl |  Obj  Depth IntInf | Incumbent    BestBd   Gap | It/Node Time


     0     0 5724.26601    0    5 5539.37324 5724.26601  3.34%     -   23s
     0     0 5724.26601    0    5 5539.37324 5724.26601  3.34%     -   23s
H    0     0                    5723.2913269 5724.26601  0.02%     -   25s
H    0     0                    5723.2913269 5724.26601  0.02%     -   25s
H    0     0                    5723.4489347 5724.26601  0.01%     -   27s
H    0     0                    5723.4489347 5724.26601  0.01%     -   27s
H    0     0                    5723.4489358 5724.26601  0.01%     -   28s
H    0     0                    5723.4489358 5724.26601  0.01%     -   28s
H    0     0                    5724.2198014 5724.26601  0.00%     -   30s
H    0     0                    5724.2198014 5724.26601  0.00%     -   30s


Cutting planes:
Cutting planes:
  Gomory: 1
  Gomory: 1
  Cover: 2
  Cover: 2
  MIR: 1
  MIR: 1
  RLT: 1
  RLT: 1


Explored 1 nodes (266 simplex iterations) in 32.19 seconds (11.74 work units)
Explored 1 nodes (266 simplex iterations) in 32.19 seconds (11.74 work units)
Thread count was 8 (of 8 available processors)
Thread count was 8 (of 8 available processors)


Solution count 5: 5724.22 5723.45 5723.29 ... -0
Solution count 5: 5724.22 5723.45 5723.29 ... -0


Optimal solution found (tolerance 1.00e-04)
Optimal solution found (tolerance 1.00e-04)
Warning: max constraint violation (1.0000e-06) exceeds tolerance
Warning: max constraint violation (1.0000e-06) exceeds tolerance
Best objective 5.724219802501e+03, best bound 5.724259890062e+03, gap 0.0007%
Best objective 5.724219802501e+03, best bound 5.724259890062e+03, gap 0.0007%


User-callback calls 2438, time in user-callback 0.26 sec
User-callback calls 2438, time in user-callback 0.26 sec
